"../../../MagicShotgun/Content/Dynamic/Character/AI/EQSTester.uasset" 0
"../../../Engine/Content/EngineMeshes/Humanoid.uasset" 1
"../../../MagicShotgun/Content/Static/NPC/Character/Mesh/UE4_Mannequin_Skeleton.uasset" 2
"../../../MagicShotgun/Content/Dynamic/Character/Animations/Clips/A_EnemyIdle.uasset" 3
"../../../MagicShotgun/Content/Dynamic/Character/Animations/Clips/Crouch_Idle_Rifle_Hip.uasset" 4
"../../../MagicShotgun/Content/Dynamic/Character/Animations/Clips/Death_1.uasset" 5
"../../../MagicShotgun/Content/Dynamic/Character/Animations/Clips/Death_2.uasset" 6
"../../../MagicShotgun/Content/Dynamic/Character/Animations/Clips/Death_3.uasset" 7
"../../../MagicShotgun/Content/Dynamic/Character/Animations/Clips/Enemy/A_Enemy_Attack_360.uasset" 8
"../../../MagicShotgun/Content/Dynamic/Character/Animations/Clips/Enemy/A_Enemy_Attack_down.uasset" 9
"../../../MagicShotgun/Content/Dynamic/Character/Animations/Clips/Enemy/A_Enemy_Attack_Horizontal.uasset" 10
"../../../MagicShotgun/Content/Dynamic/Character/Animations/Clips/Enemy/A_Enemy_Backhand.uasset" 11
"../../../MagicShotgun/Content/Dynamic/Character/Animations/Clips/Enemy/A_Enemy_HitReaction_Gut.uasset" 12
"../../../MagicShotgun/Content/Dynamic/Character/Animations/Clips/Enemy/A_Enemy_HitReaction_Left.uasset" 13
"../../../MagicShotgun/Content/Dynamic/Character/Animations/Clips/Enemy/A_Enemy_HitReaction_Right.uasset" 14
"../../../MagicShotgun/Content/Dynamic/Character/Animations/Clips/Jump_From_Jog.uasset" 15
"../../../MagicShotgun/Content/Dynamic/Character/Animations/Clips/Jump_From_Stand.uasset" 16
"../../../MagicShotgun/Content/Dynamic/Character/Animations/Clips/Enemy/A_TPArmed_Jog_Backwards.uasset" 17
"../../../MagicShotgun/Content/Dynamic/Character/Animations/Clips/Enemy/A_TPArmed_Jog_Forward.uasset" 18
"../../../MagicShotgun/Content/Dynamic/Character/Animations/Clips/Enemy/A_TPArmed_Jog_Left.uasset" 19
"../../../MagicShotgun/Content/Dynamic/Character/Animations/Clips/Enemy/A_TPArmed_Jog_Right.uasset" 20
"../../../MagicShotgun/Content/Dynamic/Character/Animations/Blendspaces/BS_Armed_Jog.uasset" 21
"../../../MagicShotgun/Content/Dynamic/Character/Animations/Clips/Crouch_Walk_Bwd_Rifle_Hip.uasset" 22
"../../../MagicShotgun/Content/Dynamic/Character/Animations/Clips/Crouch_Walk_Fwd_Rifle_Hip.uasset" 23
"../../../MagicShotgun/Content/Dynamic/Character/Animations/Clips/Crouch_Walk_Lt_Rifle_Hip.uasset" 24
"../../../MagicShotgun/Content/Dynamic/Character/Animations/Clips/Crouch_Walk_Rt_Rifle_Hip.uasset" 25
"../../../MagicShotgun/Content/Dynamic/Character/Animations/Blendspaces/BS_CrouchWalk.uasset" 26
"../../../Engine/Content/EditorBlueprintResources/StandardMacros.uasset" 27
"../../../MagicShotgun/Content/Dynamic/Character/AI/PatrolData.uasset" 28
"../../../MagicShotgun/Content/Dynamic/Character/AI/ClearShoot.uasset" 29
"../../../MagicShotgun/Content/Dynamic/Character/AI/IsWithinRange_Decorator.uasset" 30
"../../../MagicShotgun/Content/Dynamic/Character/AI/SetLastLocation.uasset" 31
"../../../MagicShotgun/Content/Dynamic/Character/AI/Shoot.uasset" 32
"../../../MagicShotgun/Content/Dynamic/Character/AI/GuardBehavior.uasset" 33
"../../../MagicShotgun/Content/Dynamic/Character/AI/NPC_AI_BP.uasset" 34
"../../../MagicShotgun/Content/Dynamic/Character/Behavior/BP_PlayerController.uasset" 35
"../../../Engine/Content/Functions/Engine_MaterialFunctions02/Utility/BlendAngleCorrectedNormals.uasset" 36
"../../../Engine/Content/Functions/MaterialLayerFunctions/MatLayerBlend_NormalBlend.uasset" 37
"../../../Engine/Content/Functions/MaterialLayerFunctions/MatLayerBlend_Simple.uasset" 38
"../../../MagicShotgun/Content/Static/Player/Character/Materials/MaterialLayers/T_ML_Rubber_Blue_01_D.uasset" 39
"../../../MagicShotgun/Content/Static/Player/Character/Materials/MaterialLayers/T_ML_Rubber_Blue_01_N.uasset" 40
"../../../MagicShotgun/Content/Static/Player/Character/Materials/MaterialLayers/ML_GlossyBlack_Latex_UE4.uasset" 41
"../../../MagicShotgun/Content/Static/Player/Character/Materials/MaterialLayers/ML_Plastic_Shiny_Beige.uasset" 42
"../../../MagicShotgun/Content/Static/Player/Character/Textures/UE4_LOGO_CARD.uasset" 43
"../../../MagicShotgun/Content/Static/Player/Character/Materials/MaterialLayers/ML_Plastic_Shiny_Beige_LOGO.uasset" 44
"../../../MagicShotgun/Content/Static/Player/Character/Materials/MaterialLayers/T_ML_Aluminum01.uasset" 45
"../../../MagicShotgun/Content/Static/Player/Character/Materials/MaterialLayers/T_ML_Aluminum01_N.uasset" 46
"../../../MagicShotgun/Content/Static/Player/Character/Materials/MaterialLayers/ML_SoftMetal_UE4.uasset" 47
"../../../MagicShotgun/Content/Static/Player/Character/Textures/UE4_Mannequin__normals.uasset" 48
"../../../MagicShotgun/Content/Static/Player/Character/Textures/UE4_Mannequin_MAT_MASKA.uasset" 49
"../../../MagicShotgun/Content/Static/NPC/Character/Materials/M_UE4Man_Body_2.uasset" 50
"../../../MagicShotgun/Content/Static/NPC/Character/Materials/M_UE4Man_ChestLogo.uasset" 51
"../../../MagicShotgun/Content/Static/NPC/Character/Mesh/SK_Mannequin_PhysicsAsset.uasset" 52
"../../../MagicShotgun/Content/Static/NPC/Character/Mesh/SK_Mannequin.uasset" 53
"../../../MagicShotgun/Content/Dynamic/Character/Behavior/BP_Character.uasset" 54
"../../../MagicShotgun/Content/Static/Weapons/Axe/SKEL_Axe.uasset" 55
"../../../MagicShotgun/Content/Dynamic/Weapons/Axe/Animations/A_Hack.uasset" 56
"../../../MagicShotgun/Content/Static/Player/Character/Mesh/First_Person_SK_Mannequin_Mobile_Skeleton.uasset" 57
"../../../MagicShotgun/Content/Dynamic/Character/Animations/Clips/Player/A_FP_Frontkick.uasset" 58
"../../../MagicShotgun/Content/Dynamic/Character/Animations/Clips/Player/A_FP_Gun_Fire.uasset" 59
"../../../MagicShotgun/Content/Dynamic/Character/Animations/Clips/Player/A_FP_Gun_Idle.uasset" 60
"../../../MagicShotgun/Content/Dynamic/Character/Animations/Clips/Player/A_FP_Idle.uasset" 61
"../../../MagicShotgun/Content/Dynamic/Character/Animations/Clips/Player/A_FP_Lefthook.uasset" 62
"../../../MagicShotgun/Content/Dynamic/Character/Animations/Clips/Player/A_FP_Righthook.uasset" 63
"../../../MagicShotgun/Content/Dynamic/Character/Animations/Clips/Player/A_FP_Sprint2.uasset" 64
"../../../MagicShotgun/Content/Dynamic/Weapons/Sword/Animation/A_FP_Armed_Idle.uasset" 65
"../../../MagicShotgun/Content/Dynamic/Weapons/Sword/Animation/A_FP_SwordSwing_Left.uasset" 66
"../../../MagicShotgun/Content/Dynamic/Weapons/Sword/Animation/A_FP_SwordSwing_Right.uasset" 67
"../../../MagicShotgun/Content/Dynamic/Character/Animations/BP_CameraBob_Frontkick_Down.uasset" 68
"../../../MagicShotgun/Content/Dynamic/Character/Animations/BP_CameraBob_Frontkick_Up.uasset" 69
"../../../MagicShotgun/Content/Dynamic/Weapons/Sword/BP_CameraBob_SwingLeft.uasset" 70
"../../../MagicShotgun/Content/Dynamic/Weapons/Sword/BP_CameraBob_SwingRight.uasset" 71
"../../../MagicShotgun/Content/Dynamic/Weapons/Sword/BP_CameraBob_SwingWindUp.uasset" 72
"../../../MagicShotgun/Content/Dynamic/Weapons/Sword/BP_SwordDamage.uasset" 73
"../../../MagicShotgun/Content/Dynamic/Weapons/Unarmed/BP_PunchDamage.uasset" 74
"../../../MagicShotgun/Content/Dynamic/UI/kickwips.uasset" 75
"../../../MagicShotgun/Content/Dynamic/UI/punch_1.uasset" 76
"../../../MagicShotgun/Content/Dynamic/UI/punch_2.uasset" 77
"../../../MagicShotgun/Content/Dynamic/Character/Animations/ABP_FP.uasset" 78
"../../../MagicShotgun/Content/Dynamic/Character/Animations/BP_CameraBlast.uasset" 79
"../../../MagicShotgun/Content/Dynamic/Character/Animations/BP_CameraBob_Jump.uasset" 80
"../../../MagicShotgun/Content/Dynamic/Character/Animations/BP_CameraBob_Lefthook.uasset" 81
"../../../MagicShotgun/Content/Dynamic/Character/Animations/BP_CameraBob_Righthook.uasset" 82
"../../../MagicShotgun/Content/Dynamic/Character/Animations/BP_CameraBob_Slide.uasset" 83
"../../../MagicShotgun/Content/Static/Player/Meshes/BaseMaterial.uasset" 84
"../../../MagicShotgun/Content/Static/Player/Meshes/FirstPersonProjectileMaterial.uasset" 85
"../../../MagicShotgun/Content/Static/Player/Meshes/FirstPersonProjectileMesh.uasset" 86
"../../../MagicShotgun/Content/Dynamic/Weapons/FPWeapon/BP_FirstPersonProjectile.uasset" 87
"../../../MagicShotgun/Content/Static/Weapons/FPWeapon/Materials/MaterialLayers/T_ML_Rubber_Blue_01_D.uasset" 88
"../../../MagicShotgun/Content/Static/Weapons/FPWeapon/Materials/MaterialLayers/T_ML_Rubber_Blue_01_N.uasset" 89
"../../../MagicShotgun/Content/Static/Weapons/FPWeapon/Materials/MaterialLayers/ML_GlossyBlack_Latex_UE4.uasset" 90
"../../../MagicShotgun/Content/Static/Weapons/FPWeapon/Materials/MaterialLayers/ML_Plastic_Shiny_Beige.uasset" 91
"../../../MagicShotgun/Content/Static/Weapons/FPWeapon/Materials/MaterialLayers/ML_Screen.uasset" 92
"../../../MagicShotgun/Content/Static/Weapons/FPWeapon/Materials/MaterialLayers/T_ML_Aluminum01.uasset" 93
"../../../MagicShotgun/Content/Static/Weapons/FPWeapon/Materials/MaterialLayers/T_ML_Aluminum01_N.uasset" 94
"../../../MagicShotgun/Content/Static/Weapons/FPWeapon/Materials/MaterialLayers/ML_SoftMetal_UE4.uasset" 95
"../../../MagicShotgun/Content/Static/Weapons/FPWeapon/Textures/T_FPGun_M.uasset" 96
"../../../MagicShotgun/Content/Static/Weapons/FPWeapon/Textures/T_FPGun_N.uasset" 97
"../../../MagicShotgun/Content/Static/Weapons/FPWeapon/Materials/M_FPGun.uasset" 98
"../../../MagicShotgun/Content/Static/Weapons/FPWeapon/Mesh/SK_FPGun_PhysicsAsset.uasset" 99
"../../../MagicShotgun/Content/Static/Weapons/FPWeapon/Mesh/SK_FPGun_Skeleton.uasset" 100
"../../../MagicShotgun/Content/Static/Weapons/FPWeapon/Mesh/SK_FPGun.uasset" 101
"../../../MagicShotgun/Content/Dynamic/Weapons/FPWeapon/BP_Gun.uasset" 102
"../../../MagicShotgun/Content/Dynamic/Character/Behavior/charge.uasset" 103
"../../../MagicShotgun/Content/Static/Player/Character/Mesh/M_UE4Man_Body_001.uasset" 104
"../../../MagicShotgun/Content/Static/Player/Character/Mesh/First_Person_SK_Mannequin_Mobile.uasset" 105
"../../../MagicShotgun/Content/Static/Weapons/FPWeapon/Free-Converter_com-guns_-_cannon_sound_effect-83223423.uasset" 106
"../../../MagicShotgun/Content/Dynamic/Character/Behavior/BP_PlayerCharacter.uasset" 107
"../../../MagicShotgun/Content/Static/Weapons/Axe/T_Axe1_D.uasset" 108
"../../../MagicShotgun/Content/Static/Weapons/Axe/T_Axe1_N.uasset" 109
"../../../MagicShotgun/Content/Static/Weapons/Axe/T_Axe2_D.uasset" 110
"../../../MagicShotgun/Content/Static/Weapons/Axe/T_Axe2_N.uasset" 111
"../../../MagicShotgun/Content/Static/Weapons/Axe/M_Axe.uasset" 112
"../../../MagicShotgun/Content/Static/Weapons/Axe/PHYS_Axe.uasset" 113
"../../../MagicShotgun/Content/Static/Weapons/Axe/SK_Axe.uasset" 114
"../../../MagicShotgun/Content/Dynamic/Weapons/Axe/BP_Axe_Enemy.uasset" 115
"../../../MagicShotgun/Content/Dynamic/Character/Animations/ABP_TP.uasset" 116
"../../../MagicShotgun/Content/Dynamic/UI/take_damage.uasset" 117
"../../../MagicShotgun/Content/Dynamic/Character/Behavior/BP_EnemyCharacter.uasset" 118
"../../../MagicShotgun/Content/Dynamic/Character/AI/MoveAndClearShoot.uasset" 119
"../../../MagicShotgun/Content/Dynamic/Character/AI/ShootSequence.uasset" 120
"../../../MagicShotgun/Content/Dynamic/Character/AI/ClearBlackboardValue.uasset" 121
"../../../MagicShotgun/Content/Dynamic/Character/AI/Suspicion.uasset" 122
"../../../MagicShotgun/Content/Dynamic/Character/Animations/BP_CameraBob_Sprint_Down.uasset" 123
"../../../MagicShotgun/Content/Dynamic/Character/Animations/BP_CameraBob_Sprint_Up.uasset" 124
"../../../MagicShotgun/Content/Dynamic/Character/Animations/Clips/Aim_Space_Ironsights.uasset" 125
"../../../MagicShotgun/Content/Dynamic/Character/Animations/AimOffsets/Aim_Down_Additive.uasset" 126
"../../../MagicShotgun/Content/Dynamic/Character/Animations/AimOffsets/Aim_Forward_Additive.uasset" 127
"../../../MagicShotgun/Content/Dynamic/Character/Animations/AimOffsets/Aim_Up_Additive.uasset" 128
"../../../MagicShotgun/Content/Dynamic/Character/Animations/AimOffsets/AimOffset.uasset" 129
"../../../MagicShotgun/Content/Dynamic/Character/Animations/Clips/Fire_Rifle_Ironsights.uasset" 130
"../../../MagicShotgun/Content/Dynamic/Character/Animations/AimOffsets/Fire_Rifle_Ironsights_Additive.uasset" 131
"../../../MagicShotgun/Content/Dynamic/Character/Animations/Clips/Walk_Bwd_Rifle_Ironsights.uasset" 132
"../../../MagicShotgun/Content/Dynamic/Character/Animations/Clips/Walk_Fwd_Rifle_Ironsights.uasset" 133
"../../../MagicShotgun/Content/Dynamic/Character/Animations/Clips/Walk_Lt_Rifle_Ironsights.uasset" 134
"../../../MagicShotgun/Content/Dynamic/Character/Animations/Clips/Walk_Rt_Rifle_Ironsights.uasset" 135
"../../../MagicShotgun/Content/Dynamic/Character/Animations/Blendspaces/BS_Aiming_Walk.uasset" 136
"../../../MagicShotgun/Content/Dynamic/Character/Animations/Clips/Jog_Bwd_Rifle.uasset" 137
"../../../MagicShotgun/Content/Dynamic/Character/Animations/Clips/Jog_Fwd_Rifle.uasset" 138
"../../../MagicShotgun/Content/Dynamic/Character/Animations/Clips/Jog_Lt_Rifle.uasset" 139
"../../../MagicShotgun/Content/Dynamic/Character/Animations/Clips/Jog_Rt_Rifle.uasset" 140
"../../../MagicShotgun/Content/Dynamic/Character/Animations/Blendspaces/BS_Jog.uasset" 141
"../../../MagicShotgun/Content/Dynamic/Character/Animations/Clips/Aim_Space_Hip.uasset" 142
"../../../MagicShotgun/Content/Dynamic/Character/Animations/Clips/A_EnemySwing.uasset" 143
"../../../MagicShotgun/Content/Dynamic/Character/Animations/Clips/A_EnemySwing2.uasset" 144
"../../../MagicShotgun/Content/Dynamic/Character/Animations/Clips/A_Enemy_GiantSwing.uasset" 145
"../../../MagicShotgun/Content/Dynamic/Character/Animations/Clips/Crouch_Idle_Rifle_Ironsights.uasset" 146
"../../../MagicShotgun/Content/Dynamic/Character/Animations/Clips/Crouch_to_Stand_Rifle_Hip.uasset" 147
"../../../MagicShotgun/Content/Dynamic/Character/Animations/Clips/Crouch_to_Stand_Rifle_Ironsights.uasset" 148
"../../../MagicShotgun/Content/Dynamic/Character/Animations/Clips/Crouch_Walk_Bwd_Rifle_Ironsights.uasset" 149
"../../../MagicShotgun/Content/Dynamic/Character/Animations/Clips/Crouch_Walk_Fwd_Rifle_Ironsights.uasset" 150
"../../../MagicShotgun/Content/Dynamic/Character/Animations/Clips/Crouch_Walk_Lt_Rifle_Ironsights.uasset" 151
"../../../MagicShotgun/Content/Dynamic/Character/Animations/Clips/Crouch_Walk_Rt_Rifle_Ironsights.uasset" 152
"../../../MagicShotgun/Content/Dynamic/Character/Animations/Clips/Death_Ironsights_1.uasset" 153
"../../../MagicShotgun/Content/Dynamic/Character/Animations/Clips/Death_Ironsights_2.uasset" 154
"../../../MagicShotgun/Content/Dynamic/Character/Animations/Clips/Equip_Pistol_Standing.uasset" 155
"../../../MagicShotgun/Content/Dynamic/Character/Animations/Clips/Equip_Rifle_Standing.uasset" 156
"../../../MagicShotgun/Content/Dynamic/Character/Animations/Clips/Fire_Rifle_Hip.uasset" 157
"../../../MagicShotgun/Content/Dynamic/Character/Animations/Clips/Fire_Shotgun_Hip.uasset" 158
"../../../MagicShotgun/Content/Dynamic/Character/Animations/Clips/Fire_Shotgun_Ironsights.uasset" 159
"../../../MagicShotgun/Content/Static/Player/Character/Mesh/SKEL_Mannequin_Arms.uasset" 160
"../../../MagicShotgun/Content/Dynamic/Character/Animations/Clips/FirstPerson_Fire.uasset" 161
"../../../MagicShotgun/Content/Dynamic/Character/Animations/Clips/FirstPerson_Idle.uasset" 162
"../../../MagicShotgun/Content/Dynamic/Character/Animations/Clips/FirstPerson_Idle_2.uasset" 163
"../../../MagicShotgun/Content/Dynamic/Character/Animations/Clips/FirstPerson_JumpEnd.uasset" 164
"../../../MagicShotgun/Content/Dynamic/Character/Animations/Clips/FirstPerson_JumpLoop.uasset" 165
"../../../MagicShotgun/Content/Dynamic/Character/Animations/Clips/FirstPerson_JumpStart.uasset" 166
"../../../MagicShotgun/Content/Dynamic/Character/Animations/Clips/FirstPerson_Run.uasset" 167
"../../../MagicShotgun/Content/Dynamic/Character/Animations/Clips/forwardswing.uasset" 168
"../../../MagicShotgun/Content/Dynamic/Character/Animations/Clips/Hit_React_1.uasset" 169
"../../../MagicShotgun/Content/Dynamic/Character/Animations/Clips/Hit_React_2.uasset" 170
"../../../MagicShotgun/Content/Dynamic/Character/Animations/Clips/Hit_React_3.uasset" 171
"../../../MagicShotgun/Content/Dynamic/Character/Animations/Clips/Hit_React_4.uasset" 172
"../../../MagicShotgun/Content/Dynamic/Character/Animations/Clips/Idle_Pistol.uasset" 173
"../../../MagicShotgun/Content/Dynamic/Character/Animations/Clips/Idle_Rifle_Hip.uasset" 174
"../../../MagicShotgun/Content/Dynamic/Character/Animations/Clips/Idle_Rifle_Hip_Break1.uasset" 175
"../../../MagicShotgun/Content/Dynamic/Character/Animations/Clips/Idle_Rifle_Hip_Break2.uasset" 176
"../../../MagicShotgun/Content/Dynamic/Character/Animations/Clips/Idle_Rifle_Ironsights.uasset" 177
"../../../MagicShotgun/Content/Dynamic/Character/Animations/Clips/Jump_From_Stand_Ironsights.uasset" 178
"../../../MagicShotgun/Content/Dynamic/Character/Animations/Clips/Prone_Death_1.uasset" 179
"../../../MagicShotgun/Content/Dynamic/Character/Animations/Clips/Prone_Death_2.uasset" 180
"../../../MagicShotgun/Content/Dynamic/Character/Animations/Clips/Prone_Fire_1.uasset" 181
"../../../MagicShotgun/Content/Dynamic/Character/Animations/Clips/Prone_Fire_2.uasset" 182
"../../../MagicShotgun/Content/Dynamic/Character/Animations/Clips/Prone_Idle.uasset" 183
"../../../MagicShotgun/Content/Dynamic/Character/Animations/Clips/Prone_Reload_Rifle.uasset" 184
"../../../MagicShotgun/Content/Dynamic/Character/Animations/Clips/Prone_Reload_Shotgun.uasset" 185
"../../../MagicShotgun/Content/Dynamic/Character/Animations/Clips/Prone_To_Stand.uasset" 186
"../../../MagicShotgun/Content/Dynamic/Character/Animations/Clips/Reload_Pistol.uasset" 187
"../../../MagicShotgun/Content/Dynamic/Character/Animations/Clips/Reload_Rifle_Hip.uasset" 188
"../../../MagicShotgun/Content/Dynamic/Character/Animations/Clips/Reload_Rifle_Ironsights.uasset" 189
"../../../MagicShotgun/Content/Dynamic/Character/Animations/Clips/Reload_Shotgun_Hip.uasset" 190
"../../../MagicShotgun/Content/Dynamic/Character/Animations/Clips/Reload_Shotgun_Ironsights.uasset" 191
"../../../MagicShotgun/Content/Dynamic/Character/Animations/Clips/Sprint_Fwd_Rifle.uasset" 192
"../../../MagicShotgun/Content/Dynamic/Character/Animations/Clips/Stand_to_Crouch_Rifle_Hip.uasset" 193
"../../../MagicShotgun/Content/Dynamic/Character/Animations/Clips/Stand_to_Crouch_Rifle_Ironsights.uasset" 194
"../../../MagicShotgun/Content/Dynamic/Character/Animations/Clips/Stand_To_Prone.uasset" 195
"../../../MagicShotgun/Content/Dynamic/Character/Animations/Clips/Player/A_FP_Slide.uasset" 196
"../../../MagicShotgun/Content/Dynamic/Levels/Maps/FirstPersonExampleMap.uasset" 197
"../../../MagicShotgun/Content/Dynamic/UI/death_scream.uasset" 198
"../../../MagicShotgun/Content/Dynamic/UI/ragdoll.uasset" 199
"../../../MagicShotgun/Content/Dynamic/UI/throw.uasset" 200
"../../../MagicShotgun/Content/Dynamic/Weapons/Axe/Animations/A_Throw.uasset" 201
"../../../MagicShotgun/Content/Dynamic/Weapons/FPWeapon/BP_FireComponent.uasset" 202
"../../../MagicShotgun/Content/Dynamic/Weapons/FPWeapon/Animations/Blast.uasset" 203
"../../../MagicShotgun/Content/Dynamic/Weapons/FPWeapon/Animations/Blast2.uasset" 204
"../../../MagicShotgun/Content/Dynamic/Weapons/FPWeapon/Animations/Blast_Anim.uasset" 205
"../../../MagicShotgun/Content/Static/Weapons/Sword/SKEL_Sword.uasset" 206
"../../../MagicShotgun/Content/Dynamic/Weapons/Sword/Animation/A_Swing.uasset" 207
"../../../MagicShotgun/Content/Dynamic/Weapons/Sword/Animation/A_Sword_Swing2_Montage.uasset" 208
"../../../MagicShotgun/Content/Dynamic/Weapons/Unarmed/Animations/A_FirstPerson_Unarmed_Idle.uasset" 209
"../../../MagicShotgun/Content/Static/Player/Character/Mesh/SKEL_PlayerBody.uasset" 210
"../../../MagicShotgun/Content/Dynamic/Weapons/Unarmed/Animations/A_Kick.uasset" 211
"../../../MagicShotgun/Content/Dynamic/Weapons/Unarmed/Animations/A_Punch.uasset" 212
"../../../MagicShotgun/Content/Dynamic/Weapons/Unarmed/Animations/test_Anim.uasset" 213
"../../../MagicShotgun/Content/Static/Geometry/Meshes/CubeMaterial.uasset" 214
"../../../MagicShotgun/Content/Static/Geometry/Meshes/1M_Cube_Chamfer.uasset" 215
"../../../MagicShotgun/Content/Static/Geometry/Meshes/Barrier.uasset" 216
"../../../MagicShotgun/Content/Static/Geometry/Meshes/RampMaterial.uasset" 217
"../../../MagicShotgun/Content/Static/Geometry/Meshes/Bump_StaticMesh.uasset" 218
"../../../MagicShotgun/Content/Static/Geometry/Meshes/LeftArm_StaticMesh.uasset" 219
"../../../MagicShotgun/Content/Static/Geometry/Meshes/Linear_Stair_StaticMesh.uasset" 220
"../../../MagicShotgun/Content/Static/Geometry/Meshes/Ramp_StaticMesh.uasset" 221
"../../../MagicShotgun/Content/Static/Geometry/Meshes/RightArm_StaticMesh.uasset" 222
"../../../MagicShotgun/Content/Static/Geometry/Meshes/TemplateFloor.uasset" 223
"../../../MagicShotgun/Content/Static/NPC/Character/Materials/MaterialLayers/T_ML_Rubber_Blue_01_D.uasset" 224
"../../../MagicShotgun/Content/Static/NPC/Character/Materials/MaterialLayers/T_ML_Rubber_Blue_01_N.uasset" 225
"../../../MagicShotgun/Content/Static/NPC/Character/Materials/MaterialLayers/ML_GlossyBlack_Latex_UE4.uasset" 226
"../../../MagicShotgun/Content/Static/NPC/Character/Materials/MaterialLayers/ML_Plastic_Shiny_Beige.uasset" 227
"../../../MagicShotgun/Content/Static/NPC/Character/Materials/MaterialLayers/ML_Plastic_Shiny_Beige_LOGO.uasset" 228
"../../../MagicShotgun/Content/Static/NPC/Character/Materials/MaterialLayers/T_ML_Aluminum01.uasset" 229
"../../../MagicShotgun/Content/Static/NPC/Character/Materials/MaterialLayers/T_ML_Aluminum01_N.uasset" 230
"../../../MagicShotgun/Content/Static/NPC/Character/Materials/MaterialLayers/ML_SoftMetal_UE4.uasset" 231
"../../../MagicShotgun/Content/Static/NPC/Character/Textures/UE4Man_Logo_N.uasset" 232
"../../../MagicShotgun/Content/Static/NPC/Character/Textures/UE4_LOGO_CARD.uasset" 233
"../../../MagicShotgun/Content/Static/NPC/Character/Textures/UE4_Mannequin_MAT_MASKA.uasset" 234
"../../../MagicShotgun/Content/Static/NPC/Character/Textures/UE4_Mannequin_occlusion_Mobile.uasset" 235
"../../../MagicShotgun/Content/Static/NPC/Character/Textures/UE4_Mannequin__normals.uasset" 236
"../../../MagicShotgun/Content/Static/Player/Audio/FirstPersonTemplateWeaponFire02.uasset" 237
"../../../MagicShotgun/Content/Static/Player/Character/Mesh/PHYS_PlayerBody.uasset" 238
"../../../MagicShotgun/Content/Static/Player/Character/Materials/M_UE4Man_Body.uasset" 239
"../../../MagicShotgun/Content/Static/Player/Character/Mesh/SK_PlayerBody.uasset" 240
"../../../MagicShotgun/Content/Static/Player/Meshes/CubeMaterialOverride.uasset" 241
"../../../MagicShotgun/Content/Static/Player/Textures/FirstPersonCrosshair.uasset" 242
"../../../Engine/Content/EngineDebugMaterials/HeatmapGradient.uasset" 243
"../../../Engine/Content/Functions/Engine_MaterialFunctions01/ImageAdjustment/CheapContrast_RGB.uasset" 244
"../../../Engine/Content/Functions/Engine_MaterialFunctions02/HueShift.uasset" 245
"../../../MagicShotgun/Content/Static/TestingGroundPack/GrassPack/Textures/BaseTextures/base_flat_n.uasset" 246
"../../../MagicShotgun/Content/Static/TestingGroundPack/GrassPack/Textures/BaseTextures/base_gray_d.uasset" 247
"../../../MagicShotgun/Content/Static/TestingGroundPack/GrassPack/Materials/BaseMaterial/bese_material.uasset" 248
"../../../MagicShotgun/Content/Static/TestingGroundPack/GrassPack/Textures/Ground_D.uasset" 249
"../../../MagicShotgun/Content/Static/TestingGroundPack/GrassPack/Textures/Ground_N.uasset" 250
"../../../MagicShotgun/Content/Static/TestingGroundPack/GrassPack/Materials/Ground.uasset" 251
"../../../Engine/Content/Functions/Engine_MaterialFunctions01/Gradient/LinearGradient.uasset" 252
"../../../Engine/Content/Functions/Engine_MaterialFunctions01/Shading/FuzzyShadingGrass.uasset" 253
"../../../Engine/Content/Functions/Engine_MaterialFunctions01/WorldPositionOffset/SimpleGrassWind.uasset" 254
"../../../MagicShotgun/Content/Static/TestingGroundPack/GrassPack/Textures/BaseTextures/Mask1.uasset" 255
"../../../MagicShotgun/Content/Static/TestingGroundPack/GrassPack/Materials/BaseMaterial/Flora_twoSides.uasset" 256
"../../../MagicShotgun/Content/Static/TestingGroundPack/GrassPack/Textures/Grass_D.uasset" 257
"../../../MagicShotgun/Content/Static/TestingGroundPack/GrassPack/Textures/Grass_N.uasset" 258
"../../../MagicShotgun/Content/Static/TestingGroundPack/GrassPack/Materials/grass.uasset" 259
"../../../MagicShotgun/Content/Static/TestingGroundPack/GrassPack/Meshes/grass01.uasset" 260
"../../../Engine/Content/Functions/Engine_MaterialFunctions01/Opacity/CameraDepthFade.uasset" 261
"../../../Engine/Content/EngineMaterials/T_Default_Material_Grid_M.uasset" 262
"../../../Engine/Content/EngineMaterials/T_Default_Material_Grid_N.uasset" 263
"../../../Engine/Content/EngineMaterials/WorldGridMaterial.uasset" 264
"../../../MagicShotgun/Content/Static/TestingGroundPack/GrassPack/Textures/Grass2_D.uasset" 265
"../../../MagicShotgun/Content/Static/TestingGroundPack/GrassPack/Textures/Grass2_N.uasset" 266
"../../../MagicShotgun/Content/Static/TestingGroundPack/GrassPack/Materials/grass2.uasset" 267
"../../../MagicShotgun/Content/Static/TestingGroundPack/GrassPack/Meshes/grass02.uasset" 268
"../../../MagicShotgun/Content/Static/TestingGroundPack/GrassPack/Textures/Grass5_D.uasset" 269
"../../../MagicShotgun/Content/Static/TestingGroundPack/GrassPack/Textures/Grass5_N.uasset" 270
"../../../MagicShotgun/Content/Static/TestingGroundPack/GrassPack/Materials/grass5.uasset" 271
"../../../MagicShotgun/Content/Static/TestingGroundPack/GrassPack/Meshes/grass05.uasset" 272
"../../../MagicShotgun/Content/Static/Weapons/FPWeapon/Materials/Barrier.uasset" 273
"../../../MagicShotgun/Content/Static/Weapons/FPWeapon/Materials/M_Laser.uasset" 274
"../../../MagicShotgun/Content/Static/Weapons/FPWeapon/Materials/MaterialLayers/ML_Plastic_Shiny_Beige_LOGO.uasset" 275
"../../../MagicShotgun/Content/Static/Weapons/FPWeapon/Materials/MaterialLayers/T_ML_FineRubber.uasset" 276
"../../../MagicShotgun/Content/Static/Weapons/FPWeapon/Mesh/gunmeshtest.uasset" 277
"../../../MagicShotgun/Content/Static/Weapons/FPWeapon/Mesh/SKEL_Gun.uasset" 278
"../../../MagicShotgun/Content/Static/Weapons/Sword/SKEL_Sword2.uasset" 279
"../../../Engine/Content/EngineMaterials/DefaultMaterial.uasset" 280
"../../../Engine/Content/BasicShapes/Cone.uasset" 281
"../../../Engine/Content/BasicShapes/Sphere.uasset" 282
"../../../Engine/Content/EditorLandscapeResources/DataLayer.uasset" 283
"../../../Engine/Content/EditorMaterials/GizmoMaterial.uasset" 284
"../../../Engine/Content/EditorMaterials/MAT_Groups_Toggle.uasset" 285
"../../../Engine/Content/EditorMaterials/MAT_Groups_Visibility.uasset" 286
"../../../Engine/Content/EditorMaterials/PreviewShadowIndicator.uasset" 287
"../../../Engine/Content/EditorMaterials/PreviewShadowIndicatorMaterial.uasset" 288
"../../../Engine/Content/EditorMaterials/AssetViewer/EpicQuadPanorama_CC+EV1.uasset" 289
"../../../Engine/Content/EditorMaterials/MatineeGroups/MAT_ColorTrack.uasset" 290
"../../../Engine/Content/EditorMaterials/MatineeGroups/MAT_Groups_Anim.uasset" 291
"../../../Engine/Content/EditorMaterials/MatineeGroups/MAT_Groups_AudioMaster.uasset" 292
"../../../Engine/Content/EditorMaterials/MatineeGroups/MAT_Groups_Director.uasset" 293
"../../../Engine/Content/EditorMaterials/MatineeGroups/MAT_Groups_Event.uasset" 294
"../../../Engine/Content/EditorMaterials/MatineeGroups/MAT_Groups_Fade.uasset" 295
"../../../Engine/Content/EditorMaterials/MatineeGroups/MAT_Groups_Float.uasset" 296
"../../../Engine/Content/EditorMaterials/MatineeGroups/MAT_Groups_Move.uasset" 297
"../../../Engine/Content/EditorMaterials/MatineeGroups/MAT_Groups_Slomo.uasset" 298
"../../../Engine/Content/EditorMaterials/MatineeGroups/MAT_Groups_Sound.uasset" 299
"../../../Engine/Content/EditorMaterials/MatineeGroups/MAT_Groups_Vector.uasset" 300
"../../../Engine/Content/EditorMaterials/ParticleSystems/PSysThumbnail_NoImage.uasset" 301
"../../../Engine/Content/EditorMaterials/ParticleSystems/PSysThumbnail_OOD.uasset" 302
"../../../Engine/Content/EditorMaterials/Camera/CineMat.uasset" 303
"../../../Engine/Content/EditorMaterials/Camera/MI_CineMat_Rig.uasset" 304
"../../../Engine/Content/EditorMeshes/Camera/SM_CraneRig_Arm.uasset" 305
"../../../Engine/Content/EditorMeshes/Camera/SM_CraneRig_Base.uasset" 306
"../../../Engine/Content/EditorMeshes/Camera/SM_CraneRig_Body.uasset" 307
"../../../Engine/Content/EditorMeshes/Camera/SM_CraneRig_Mount.uasset" 308
"../../../Engine/Content/EditorMeshes/Camera/SM_RailRig_Mount.uasset" 309
"../../../Engine/Content/EditorMeshes/Camera/SM_RailRig_Track.uasset" 310
"../../../Engine/Content/EditorMeshes/ColorCalibrator/M_ChromeBall.uasset" 311
"../../../Engine/Content/EditorMeshes/ColorCalibrator/M_ClearCoat.uasset" 312
"../../../Engine/Content/EditorMeshes/ColorCalibrator/M_ClearCoatBlack.uasset" 313
"../../../Engine/Content/EditorMeshes/ColorCalibrator/T_ColorGrid.uasset" 314
"../../../Engine/Content/EditorMeshes/ColorCalibrator/M_ColorGrid.uasset" 315
"../../../Engine/Content/EditorMeshes/ColorCalibrator/M_GreyBall.uasset" 316
"../../../Engine/Content/EditorMeshes/ColorCalibrator/SM_ColorCalibrator.uasset" 317
"../../../Engine/Content/EditorResources/BSPVertex.uasset" 318
"../../../Engine/Content/EditorResources/EmptyActor.uasset" 319
"../../../Engine/Content/EditorResources/S_Actor.uasset" 320
"../../../Engine/Content/EditorResources/S_Trigger.uasset" 321
"../../../Engine/Content/EditorResources/LightIcons/S_LightError.uasset" 322
"../../../Engine/Content/EditorResources/SequenceRecorder/Countdown.uasset" 323
"../../../Engine/Content/EditorResources/SequenceRecorder/RecordingIndicator.uasset" 324
"../../../Engine/Content/EditorSounds/Notifications/CompileFailed.uasset" 325
"../../../Engine/Content/EditorSounds/Notifications/CompileFailed_Cue.uasset" 326
"../../../Engine/Content/EditorSounds/Notifications/CompileSuccess.uasset" 327
"../../../Engine/Content/EditorSounds/Notifications/CompileStart_Cue.uasset" 328
"../../../Engine/Content/EditorSounds/Notifications/CompileSuccess_Cue.uasset" 329
"../../../Engine/Content/EngineDamageTypes/DmgTypeBP_Environmental.uasset" 330
"../../../Engine/Content/EngineDebugMaterials/BoneWeightMaterial.uasset" 331
"../../../Engine/Content/EngineDebugMaterials/ClothMaterial.uasset" 332
"../../../Engine/Content/EngineDebugMaterials/ClothMaterial_WF.uasset" 333
"../../../Engine/Content/EngineDebugMaterials/DebugEditorMaterial.uasset" 334
"../../../Engine/Content/EngineDebugMaterials/DebugMeshMaterial.uasset" 335
"../../../Engine/Content/EngineDebugMaterials/GeomMaterial.uasset" 336
"../../../Engine/Content/EngineFonts/Faces/RobotoBold.uasset" 337
"../../../Engine/Content/EngineFonts/Faces/RobotoBoldItalic.uasset" 338
"../../../Engine/Content/EngineFonts/Faces/RobotoItalic.uasset" 339
"../../../Engine/Content/EngineFonts/Faces/RobotoLight.uasset" 340
"../../../Engine/Content/EngineFonts/Faces/RobotoRegular.uasset" 341
"../../../Engine/Content/EngineFonts/Roboto.uasset" 342
"../../../Engine/Content/EngineFonts/Faces/RobotoTiny.uasset" 343
"../../../Engine/Content/EngineFonts/RobotoTiny.uasset" 344
"../../../Engine/Content/EngineMaterials/DefaultBloomKernel.uasset" 345
"../../../Engine/Content/EngineMaterials/DefaultBokeh.uasset" 346
"../../../Engine/Content/EngineMaterials/DefaultDiffuse.uasset" 347
"../../../Engine/Content/EngineMaterials/DefaultDeferredDecalMaterial.uasset" 348
"../../../Engine/Content/EngineMaterials/DefaultLightFunctionMaterial.uasset" 349
"../../../Engine/Content/Functions/Engine_MaterialFunctions02/Utility/BreakOutFloat2Components.uasset" 350
"../../../Engine/Content/EngineMaterials/DefaultPostProcessMaterial.uasset" 351
"../../../Engine/Content/EngineFonts/RobotoDistanceField.uasset" 352
"../../../Engine/Content/EngineMaterials/DefaultTextMaterialOpaque.uasset" 353
"../../../Engine/Content/EngineMaterials/DefaultWhiteGrid.uasset" 354
"../../../Engine/Content/EngineMaterials/EditorBrushMaterial.uasset" 355
"../../../Engine/Content/EngineMaterials/Good64x64TilingNoiseHighFreq.uasset" 356
"../../../Engine/Content/EngineMaterials/MiniFont.uasset" 357
"../../../Engine/Content/EngineMaterials/InvalidLightmapSettings.uasset" 358
"../../../Engine/Content/EngineMaterials/M_InvalidLightmapSettings.uasset" 359
"../../../Engine/Content/EngineMaterials/PhAT_JointLimitMaterial.uasset" 360
"../../../Engine/Content/EngineMaterials/PreintegratedSkinBRDF.uasset" 361
"../../../Engine/Content/EngineMaterials/RemoveSurfaceMaterial.uasset" 362
"../../../Engine/Content/EngineMaterials/WeightMapPlaceholderTexture.uasset" 363
"../../../Engine/Content/EngineResources/WhiteSquareTexture.uasset" 364
"../../../Engine/Content/EngineMaterials/Widget3DPassThrough.uasset" 365
"../../../Engine/Content/EngineMaterials/Widget3DPassThrough_Masked.uasset" 366
"../../../Engine/Content/EngineMaterials/Widget3DPassThrough_Opaque.uasset" 367
"../../../Engine/Content/EngineMaterials/Widget3DPassThrough_Masked_OneSided.uasset" 368
"../../../Engine/Content/EngineMaterials/Widget3DPassThrough_Opaque_OneSided.uasset" 369
"../../../Engine/Content/EngineMaterials/Widget3DPassThrough_Translucent.uasset" 370
"../../../Engine/Content/EngineMaterials/Widget3DPassThrough_Translucent_OneSided.uasset" 371
"../../../Engine/Content/EngineMeshes/Cube.uasset" 372
"../../../Engine/Content/EngineMeshes/Cylinder.uasset" 373
"../../../Engine/Content/EngineMeshes/Sphere.uasset" 374
"../../../Engine/Content/EngineResources/Black.uasset" 375
"../../../Engine/Content/EngineResources/DefaultTexture.uasset" 376
"../../../Engine/Content/EngineResources/DefaultTextureCube.uasset" 377
"../../../Engine/Content/EngineResources/GradientTexture0.uasset" 378
"../../../Engine/Content/EngineSounds/Master.uasset" 379
"../../../Engine/Content/Functions/Engine_MaterialFunctions01/Shading/ConvertFromDiffSpec.uasset" 380
"../../../Engine/Content/Functions/Engine_MaterialFunctions01/Shading/PowerToRoughness.uasset" 381
"../../../Engine/Content/Maps/Templates/Thumbnails/Default.uasset" 382
"../../../Engine/Content/Maps/Templates/Thumbnails/VR-Basic.uasset" 383
"../../../Engine/Content/MobileResources/T_MobileControls_texture.uasset" 384
"../../../Engine/Content/MobileResources/T_MobileMenu2.uasset" 385
"../../../Engine/Content/MobileResources/HUD/AnalogHat.uasset" 386
"../../../Engine/Content/MobileResources/HUD/VirtualJoystick_Background.uasset" 387
"../../../Engine/Content/MobileResources/HUD/VirtualJoystick_Thumb.uasset" 388
"../../../Engine/Content/MobileResources/HUD/DefaultVirtualJoysticks.uasset" 389
"../../../Engine/Content/MobileResources/HUD/LeftVirtualJoystickOnly.uasset" 390
"../../../Engine/Content/MobileResources/HUD/MobileHUDButton1_off.uasset" 391
"../../../Engine/Content/MobileResources/HUD/MobileHUDButton1_on.uasset" 392
"../../../Engine/Content/MobileResources/HUD/MobileHUDButton2_off.uasset" 393
"../../../Engine/Content/MobileResources/HUD/MobileHUDButton2_on.uasset" 394
"../../../Engine/Content/MobileResources/HUD/MobileHUDButton3.uasset" 395
"../../../Engine/Content/MobileResources/HUD/MobileHUDButtonFire.uasset" 396
"../../../Engine/Content/MobileResources/HUD/MobileHUDDirectionPad.uasset" 397
"../../../Engine/Content/MobileResources/HUD/MobileHUDDirectionPad2.uasset" 398
"../../../Engine/Content/MobileResources/HUD/MobileHUDDirectionPad3.uasset" 399
"../../../Engine/Content/MobileResources/HUD/MobileHUDDirectionStick.uasset" 400
"../../../Engine/Content/MobileResources/HUD/T_Castle_ThumbstickInner.uasset" 401
"../../../Engine/Content/MobileResources/HUD/T_Castle_ThumbstickOutter.uasset" 402
"../../../Engine/Content/Tutorial/ContentIntroCurve.uasset" 403
"../../../Engine/Content/Tutorial/Basics/TutorialAssets/icon_tab_Levels_40x.uasset" 404
"../../../Engine/Content/Tutorial/BlueprintTutorials/TutorialAssets/BlueprintInterface_64x.uasset" 405
"../../../Engine/Content/Tutorial/BlueprintTutorials/TutorialAssets/BlueprintMacroLibrary_64x.uasset" 406
"../../../Engine/Content/Tutorial/BlueprintTutorials/TutorialAssets/Blueprint_64x.uasset" 407
"../../../Engine/Content/Tutorial/BlueprintTutorials/TutorialAssets/Tutorial_BP_Interface.uasset" 408
"../../../Engine/Content/Tutorial/Foliage/TutorialAssets/Foliage.uasset" 409
"../../../Engine/Content/Tutorial/Landscape/TutorialAssets/Landscape.uasset" 410
"../../../Engine/Content/Tutorial/Paper2D/TutorialAssets/Paper2DFlipbook_TutorialIcon.uasset" 411
"../../../Engine/Content/Tutorial/Paper2D/TutorialAssets/Paper2DSprite_TutorialIcon.uasset" 412
"../../../Engine/Content/Tutorial/SubEditors/TutorialAssets/icon_Editor_Preferences_General_40x.uasset" 413
"../../../Engine/Content/Tutorial/SubEditors/TutorialAssets/icon_ShowSkeletalMeshes_40x.uasset" 414
"../../../Engine/Content/Tutorial/SubEditors/TutorialAssets/TutorialMaterial.uasset" 415
"../../../Engine/Content/Tutorial/SubEditors/TutorialAssets/T_SmokeSubUV_8X8.uasset" 416
"../../../Engine/Content/Tutorial/SubEditors/TutorialAssets/T_soft_smoke.uasset" 417
"../../../Engine/Content/Tutorial/SubEditors/TutorialAssets/M_smoke_subUV_blackbody.uasset" 418
"../../../Engine/Content/Tutorial/SubEditors/TutorialAssets/TutorialParticleSystem.uasset" 419
"../../../Engine/Content/EditorMeshes/EditorCube.uasset" 420
"../../../Engine/Content/Tutorial/SubEditors/TutorialAssets/Tutorial_DM.uasset" 421
"../../../Engine/Content/VREditor/Devices/Generic/GenericHMDMaterial.uasset" 422
"../../../Engine/Content/VREditor/Devices/Generic/GenericHMD.uasset" 423
"../../../Engine/Content/VREditor/FloatingText/LineMaterial.uasset" 424
"../../../Engine/Content/VREditor/FloatingText/JointSphere.uasset" 425
"../../../Engine/Content/VREditor/FloatingText/LineSegmentCylinder.uasset" 426
"../../../Engine/Content/VREditor/Fonts/VRText_RobotoLarge.uasset" 427
"../../../Engine/Content/VREditor/Fonts/VRTextMaterial.uasset" 428
"../../../Engine/Content/VREditor/Fonts/TranslucentVRTextMaterial.uasset" 429
"../../../Engine/Content/VREditor/LaserPointer/CursorPointer.uasset" 430
"../../../Engine/Content/VREditor/LaserPointer/VR_LaserPower_01.uasset" 431
"../../../Engine/Content/VREditor/TransformGizmo/TransformGizmoMaterial.uasset" 432
"../../../Engine/Content/VREditor/LaserPointer/HoverMaterial.uasset" 433
"../../../Engine/Content/VREditor/TransformGizmo/TranslucentTransformGizmoMaterial.uasset" 434
"../../../Engine/Content/VREditor/LaserPointer/TranslucentHoverMaterial.uasset" 435
"../../../Engine/Content/VREditor/LaserPointer/HoverMesh.uasset" 436
"../../../Engine/Content/VREditor/LaserPointer/LaserPointerMaterial.uasset" 437
"../../../Engine/Content/VREditor/LaserPointer/LaserPointerMaterialInst.uasset" 438
"../../../Engine/Content/VREditor/LaserPointer/TranslucentLaserPointerMaterialInst.uasset" 439
"../../../Engine/Content/VREditor/LaserPointer/LaserPointerMesh.uasset" 440
"../../../Engine/Content/VREditor/LaserPointer/LaserPointerMesh_End.uasset" 441
"../../../Engine/Content/VREditor/LaserPointer/LaserPointerMesh_Start.uasset" 442
"../../../Engine/Content/Functions/Engine_MaterialFunctions02/Utility/BreakOutFloat3Components.uasset" 443
"../../../Engine/Content/Functions/Engine_MaterialFunctions02/Math/Transform3x3Matrix.uasset" 444
"../../../Engine/Content/Functions/Engine_MaterialFunctions02/SplitComponents.uasset" 445
"../../../Engine/Content/Functions/Engine_MaterialFunctions02/Utility/MakeFloat3.uasset" 446
"../../../Engine/Content/VREditor/SnapGrid/SnapGridMaterial.uasset" 447
"../../../Engine/Content/VREditor/SnapGrid/SnapGridPlaneMesh.uasset" 448
"../../../Engine/Content/VREditor/Sounds/VR_teleport.uasset" 449
"../../../Engine/Content/VREditor/Sounds/UI/Click_on_Button_Cue.uasset" 450
"../../../Engine/Content/VREditor/Sounds/UI/Dockable_Window_Close.uasset" 451
"../../../Engine/Content/VREditor/Sounds/UI/Dockable_Window_Drop.uasset" 452
"../../../Engine/Content/VREditor/Sounds/UI/Dockable_Window_Open.uasset" 453
"../../../Engine/Content/VREditor/Sounds/UI/Dockable_Window_Pick_Up.uasset" 454
"../../../Engine/Content/VREditor/Sounds/UI/Drop_Item_From_ContentBrowser.uasset" 455
"../../../Engine/Content/VREditor/Sounds/UI/Floating_UI_Open-001.uasset" 456
"../../../Engine/Content/VREditor/Sounds/UI/Gizmo_Handle_Clicked.uasset" 457
"../../../Engine/Content/VREditor/Sounds/UI/Object_PickUp.uasset" 458
"../../../Engine/Content/VREditor/Sounds/UI/Object_Snaps_To_Another_Actor.uasset" 459
"../../../Engine/Content/VREditor/Sounds/UI/Object_Snaps_To_Grid.uasset" 460
"../../../Engine/Content/VREditor/Sounds/UI/Radial_Menu_FadeOut.uasset" 461
"../../../Engine/Content/VREditor/Sounds/UI/Scaling_Down.uasset" 462
"../../../Engine/Content/VREditor/Sounds/UI/Scaling_Up.uasset" 463
"../../../Engine/Content/VREditor/Sounds/UI/Selection_Changes.uasset" 464
"../../../Engine/Content/VREditor/Sounds/UI/Teleport_Mode_Entered.uasset" 465
"../../../Engine/Content/VREditor/Teleport/TeleportDirectionMaterial.uasset" 466
"../../../Engine/Content/VREditor/Teleport/TeleportDirectionMaterial_Inst.uasset" 467
"../../../Engine/Content/VREditor/Teleport/TeleportDirectionMesh.uasset" 468
"../../../Engine/Content/VREditor/TransformGizmo/BoundingBoxCorner.uasset" 469
"../../../Engine/Content/VREditor/TransformGizmo/BoundingBoxEdge.uasset" 470
"../../../Engine/Content/VREditor/TransformGizmo/PlaneTranslationHandle.uasset" 471
"../../../Engine/Content/VREditor/TransformGizmo/RotationHandleFull.uasset" 472
"../../../Engine/Content/VREditor/TransformGizmo/RotationHandleIndicator.uasset" 473
"../../../Engine/Content/VREditor/TransformGizmo/RotationHandleQuarter.uasset" 474
"../../../Engine/Content/VREditor/TransformGizmo/Main.uasset" 475
"../../../Engine/Content/VREditor/TransformGizmo/Xray.uasset" 476
"../../../Engine/Content/VREditor/TransformGizmo/SM_Dialog_Close.uasset" 477
"../../../Engine/Content/VREditor/TransformGizmo/SM_Dialog_Move.uasset" 478
"../../../Engine/Content/VREditor/TransformGizmo/SM_Sequencer_Key.uasset" 479
"../../../Engine/Content/VREditor/TransformGizmo/StartRotationHandleIndicator.uasset" 480
"../../../Engine/Content/VREditor/TransformGizmo/TranslucentTransformGizmoMaterial_Inst.uasset" 481
"../../../Engine/Content/VREditor/TransformGizmo/TransformGizmoFreeRotation.uasset" 482
"../../../Engine/Content/VREditor/TransformGizmo/TransformGizmoMaterial_Inst.uasset" 483
"../../../Engine/Content/VREditor/TransformGizmo/TranslateArrowHandle.uasset" 484
"../../../Engine/Content/VREditor/TransformGizmo/UniformScaleHandle.uasset" 485
"../../../Engine/Content/VREditor/UI/KeyDiskMaterial.uasset" 486
"../../../Engine/Content/VREditor/UI/DiscMaterial.uasset" 487
"../../../Engine/Content/VREditor/UI/SM_Radial_Disk.uasset" 488
"../../../Engine/Content/Functions/Engine_MaterialFunctions01/Gradient/RadialGradient.uasset" 489
"../../../Engine/Content/VREditor/WorldMovementGrid/SimpleGrid.uasset" 490
"../../../Engine/Content/VREditor/WorldMovementGrid/GridMaterial.uasset" 491
"../../../Engine/Content/Functions/Engine_MaterialFunctions01/Density/ExponentialDensity.uasset" 492
"../../../Engine/Content/VREditor/WorldMovementGrid/GridPostProcess.uasset" 493
"../../../Engine/Content/EditorLandscapeResources/FlattenHeightMat.uasset" 494
"../../../Engine/Content/VREditor/WorldMovementGrid/PlaneMesh.uasset" 495
"../../../Engine/Plugins/2D/Paper2D/Content/PlaceholderTextures/DummySpriteTexture.uasset" 496
"../../../Engine/Plugins/2D/Paper2D/Content/DummySprite.uasset" 497
"../../../Engine/Plugins/2D/Paper2D/Content/DefaultPaperTerrainMaterial.uasset" 498
"../../../Engine/Plugins/2D/Paper2D/Content/DefaultSpriteMaterial.uasset" 499
"../../../Engine/Plugins/2D/Paper2D/Content/MaskedUnlitSpriteMaterial.uasset" 500
"../../../Engine/Plugins/2D/Paper2D/Content/OpaqueUnlitSpriteMaterial.uasset" 501
"../../../Engine/Plugins/Runtime/Oculus/OculusVR/Content/Textures/GearVRController_AO.uasset" 502
"../../../Engine/Plugins/Runtime/Oculus/OculusVR/Content/Textures/GearVRController_Color.uasset" 503
"../../../Engine/Plugins/Runtime/Oculus/OculusVR/Content/Textures/GearVRController_Normal.uasset" 504
"../../../Engine/Plugins/Runtime/Oculus/OculusVR/Content/Materials/GearVRControllerMaterial.uasset" 505
"../../../Engine/Plugins/Runtime/Oculus/OculusVR/Content/Meshes/GearVrController.uasset" 506
"../../../Engine/Content/EngineSky/C_Sky_Cloud_Color.uasset" 507
"../../../Engine/Content/EngineSky/C_Sky_Horizon_Color.uasset" 508
"../../../Engine/Content/EngineSky/C_Sky_Zenith_Color.uasset" 509
"../../../Engine/Content/EngineSky/T_Sky_Blue.uasset" 510
"../../../Engine/Content/EngineSky/T_Sky_Clouds_M.uasset" 511
"../../../Engine/Content/EngineSky/T_Sky_Stars.uasset" 512
"../../../Engine/Content/EngineSky/M_Sky_Panning_Clouds2.uasset" 513
"../../../Engine/Content/EngineSky/SM_SkySphere.uasset" 514
"../../../Engine/Content/EngineSky/BP_Sky_Sphere.uasset" 515
"../../../MagicShotgun/Content/Dynamic/Weapons/Axe/Animations/A_FP_Axe_Attack_Left.uasset" 516
"../../../MagicShotgun/Content/Dynamic/Weapons/Axe/Animations/A_FP_Axe_Attack_Right.uasset" 517
"../../../MagicShotgun/Content/Dynamic/Weapons/Axe/Animations/A_FP_Axe_Idle.uasset" 518
"../../../MagicShotgun/Content/Dynamic/Weapons/Axe/BP_AxeDamage.uasset" 519
"../../../MagicShotgun/Content/Dynamic/Weapons/Axe/BP_CameraBob_AxeLeft.uasset" 520
"../../../MagicShotgun/Content/Dynamic/Weapons/Axe/BP_CameraBob_AxeRight.uasset" 521
"../../../MagicShotgun/Content/Dynamic/Weapons/Axe/hack_1.uasset" 522
"../../../MagicShotgun/Content/Dynamic/Weapons/Axe/hack_2.uasset" 523
"../../../MagicShotgun/Content/Dynamic/Weapons/Axe/BP_Axe.uasset" 524
"../../../MagicShotgun/Content/Static/Weapons/Dagger/SKEL_Dagger.uasset" 525
"../../../MagicShotgun/Content/Dynamic/Weapons/Dagger/Animations/A_Dagger_Stab.uasset" 526
"../../../MagicShotgun/Content/Static/Weapons/Dagger/T_Dagger1_D.uasset" 527
"../../../MagicShotgun/Content/Static/Weapons/Dagger/T_Dagger1_N.uasset" 528
"../../../MagicShotgun/Content/Static/Weapons/Dagger/T_Dagger2_D.uasset" 529
"../../../MagicShotgun/Content/Static/Weapons/Dagger/T_Dagger2_M.uasset" 530
"../../../MagicShotgun/Content/Static/Weapons/Dagger/T_Dagger2_N.uasset" 531
"../../../MagicShotgun/Content/Static/Weapons/Dagger/M_Dagger.uasset" 532
"../../../MagicShotgun/Content/Static/Weapons/Dagger/PHYS_Dagger.uasset" 533
"../../../MagicShotgun/Content/Static/Weapons/Dagger/SK_Dagger.uasset" 534
"../../../MagicShotgun/Content/Dynamic/Weapons/Dagger/BP_Dagger.uasset" 535
"../../../MagicShotgun/Content/Dynamic/Weapons/Spear/Animations/A_FP_Spear_Attack1.uasset" 536
"../../../MagicShotgun/Content/Dynamic/Weapons/Spear/Animations/A_FP_Spear_Attack2.uasset" 537
"../../../MagicShotgun/Content/Dynamic/Weapons/Spear/Animations/A_FP_Spear_Idle.uasset" 538
"../../../MagicShotgun/Content/Dynamic/Weapons/Spear/BP_CameraBob_SpearLeft.uasset" 539
"../../../MagicShotgun/Content/Dynamic/Weapons/Spear/BP_CameraBob_SpearRight.uasset" 540
"../../../MagicShotgun/Content/Dynamic/Weapons/Spear/BP_SpearDamage.uasset" 541
"../../../MagicShotgun/Content/Dynamic/Weapons/Spear/thrust_1.uasset" 542
"../../../MagicShotgun/Content/Dynamic/Weapons/Spear/thrust_2.uasset" 543
"../../../MagicShotgun/Content/Static/Weapons/Spear/Spear_PhysicsAsset.uasset" 544
"../../../MagicShotgun/Content/Static/Weapons/Spear/Spear_Skeleton.uasset" 545
"../../../MagicShotgun/Content/Static/Weapons/Spear/Spear.uasset" 546
"../../../MagicShotgun/Content/Dynamic/Weapons/Spear/BP_Spear.uasset" 547
"../../../MagicShotgun/Content/Dynamic/Weapons/Sword/slash_1.uasset" 548
"../../../MagicShotgun/Content/Dynamic/Weapons/Sword/slash_2.uasset" 549
"../../../MagicShotgun/Content/Static/Weapons/Sword/T_Sword1_D.uasset" 550
"../../../MagicShotgun/Content/Static/Weapons/Sword/T_Sword1_M.uasset" 551
"../../../MagicShotgun/Content/Static/Weapons/Sword/T_Sword1_N.uasset" 552
"../../../MagicShotgun/Content/Static/Weapons/Sword/T_Sword2_D.uasset" 553
"../../../MagicShotgun/Content/Static/Weapons/Sword/T_Sword2_M.uasset" 554
"../../../MagicShotgun/Content/Static/Weapons/Sword/T_Sword2_N.uasset" 555
"../../../MagicShotgun/Content/Static/Weapons/Sword/M_Sword.uasset" 556
"../../../MagicShotgun/Content/Static/Weapons/Sword/PHYS_Sword.uasset" 557
"../../../MagicShotgun/Content/Static/Weapons/Sword/SK_Sword.uasset" 558
"../../../MagicShotgun/Content/Dynamic/Weapons/Sword/BP_Sword.uasset" 559
"../../../Engine/Content/BasicShapes/BasicShapeMaterial.uasset" 560
"../../../Engine/Content/BasicShapes/Cube.uasset" 561
"../../../Engine/Content/BasicShapes/Cylinder.uasset" 562
"../../../MagicShotgun/Content/Static/Geometry/Meshes/1M_Cube.uasset" 563
"../../../MagicShotgun/Content/Dynamic/Levels/Maps/OriginalMap.umap" 564
"../../../MagicShotgun/Content/Dynamic/UI/WBP_ScorenHealth.uasset" 565
"../../../MagicShotgun/Content/Dynamic/UI/BP_HUD.uasset" 566
"../../../MagicShotgun/Content/Dynamic/NewGameMode.uasset" 567
"../../../MagicShotgun/Content/Dynamic/Levels/Maps/TerrainMap_BuiltData.uasset" 568
"../../../MagicShotgun/Content/Static/Player/Character/Mesh/Fbx_Default_Material_1_001.uasset" 569
"../../../Engine/Content/BasicShapes/Plane.uasset" 570
"../../../Engine/Content/EngineMaterials/DefaultPhysicalMaterial.uasset" 571
"../../../MagicShotgun/Content/Dynamic/Levels/music.uasset" 572
"../../../MagicShotgun/Content/Dynamic/Levels/Maps/TerrainMap.umap" 573
"../../../Engine/Content/Maps/Entry.umap" 574
